Few-shot classification:

oxford_pets: 85.77

      1      2      4      8      16
bbt    74.50   84.55   87.32   86.95   88.73 
carrot  81.38   79.47   84.47   85.52   88.36 


flowers102: 66.14 

      1      2      4      8      16
bbt    47.10   61.63   65.21   68.47   72.53
carrot  67.88   77.56   83.71   89.25   92.04 


FGVCAircraft: 17.28  

      1      2      4      8      16
bbt    3.58    6.18    7.79    10.70   12.07
carrot  18.52   20.06   22.39   23.88   26.80


DTD: 42.32  

      1      2      4      8      16
bbt    30.32   38.04   43.79   47.75   54.33
carrot  42.57   45.02   49.67   58.12   59.26


EuroSAT: 37.56 

      1      2      4      8      16
bbt    25.60   35.59   42.66   53.14   69.01
carrot  46.39   50.72   59.05   66.27   75.30


StanfordCars: 55.61  

      1      2      4      8      16
bbt    53.60   56.17   57.90   59.74   60.24
carrot  54.45   58.77   61.24   67.38   71.92


Food101: 77.31  

      1      2      4      8      16
bbt    73.66   77.32   77.74   77.55   78.44
carrot  73.01   74.22   75.79   76.50   77.82


SUN397: 58.52  

      1      2      4      8      16
bbt    52.83   58.62   61.58   63.07   64.34
carrot  66.21   60.78   63.50   63.44   66.41


Caltech101: 86.29  

      1      2      4      8      16
bbt    82.30   87.60   88.74   88.95   90.05
carrot  84.58   87.06   89.15   90.22   91.09


UCF101: 61.46  

      1      2      4      8      16
bbt    56.23   60.19   63.81   66.29   67.91
carrot  60.60   66.02   67.57   70.67   73.05


imagenet: 58.18

      1      2      4      8      16
bbt    52.10   57.67   60.32   61.18   61.74 
carrot  58.81   60.86   61.35   61.57   61.33 


Robustness to distribution shift:
RN50:

          imagenet    -v2       -sketch    -a        -r        average
zero-shot    58.18      51.34      33.32     21.65      56.00      40.58 
CoOp       62.95      55.11      32.74     22.12      54.96      41.23 
CARROT      61.17      53.92      34.01     23.13      58.23      42.32 

RN101:
          imagenet    -v2       -sketch    -a        -r        average
zero-shot    61.62      54.81      38.71     28.05      64.38      46.49
CoOp       66.60      58.66      39.08     28.89      63.00      47.41
CARROT      63.68      56.95      39.50     30.40      65.94      48.20

ViT-B/32:
          imagenet    -v2       -sketch    -a        -r        average
zero-shot    62.05      54.79      40.82     29.57      65.99      47.79
CoOp       66.85      58.08      40.44     30.62      64.45      48.40
CARROT      62.76      56.55      40.26     31.27      66.46      48.63


ViT-B/16:
          imagenet    -v2       -sketch    -a        -r        average
zero-shot    66.73      60.83      46.15     47.77      73.96      57.18 
CoOp       71.92      64.18      46.71     48.41      74.32      58.41 
CARROT      68.21      62.78      47.17     49.73      75.52      58.80 










